
Request: POST /auth/login at Sun Jan 29 2023 15:05:33 GMT-0300, IP: ::1, User Agent: Mozilla/5.0 (Windows NT 10.0; Win64; x64) AppleWebKit/537.36 (KHTML, like Gecko) Chrome/109.0.0.0 Safari/537.36
Request Body:
{
	"email": "manoeloscar@email.com",
	"password": "1234"
}
Response Body:
{
	"message": "Autenticação realizada com sucesso!",
	"token": "eyJhbGciOiJIUzI1NiIsInR5cCI6IkpXVCJ9.eyJpZCI6IjYzY2VjMjkwODBmZjNhYWVhOThlODVhYSIsImlhdCI6MTY3NTAxNTUzM30.tGzPWsK1nQHHPtlnG-GNrAO_MIfJWP7-69BoMSeGRXg"
}
Response: 200 398.731 ms 

Request: GET /list/revenues at Sun Jan 29 2023 15:05:33 GMT-0300, IP: ::1, User Agent: Mozilla/5.0 (Windows NT 10.0; Win64; x64) AppleWebKit/537.36 (KHTML, like Gecko) Chrome/109.0.0.0 Safari/537.36
Response Body:
{
	"result": [
		{
			"user": {
				"title": "oscar@email.com",
				"month": {
					"title": "Janeiro",
					"listMonth": {
						"_id": "63c6d992fa11b98bfb842541",
						"typeRevenue": "Investimento",
						"value": "1000",
						"dateEntry": "2023-01-05T03:00:00.000Z",
						"actions": [
							"https://raw.githubusercontent.com/daniloagostinho/curso-angular15-na-pratica/main/src/assets/images/edit.png",
							"https://raw.githubusercontent.com/daniloagostinho/curso-angular15-na-pratica/main/src/assets/images/delete.png"
						]
					}
				}
			}
		},
		{
			"user": {
				"title": "oscar@email.com",
				"month": {
					"title": "Janeiro",
					"listMonth": {
						"_id": "63c6d9bffa11b98bfb842543",
						"typeRevenue": "13° Salário",
						"value": "1000",
						"dateEntry": "2023-01-17T03:00:00.000Z",
						"actions": [
							"https://raw.githubusercontent.com/daniloagostinho/curso-angular15-na-pratica/main/src/assets/images/edit.png",
							"https://raw.githubusercontent.com/dan
...
Response: 200 97.413 ms 

Request: DELETE /delete/revenue/63c6d992fa11b98bfb842541 at Sun Jan 29 2023 15:06:12 GMT-0300, IP: ::1, User Agent: Mozilla/5.0 (Windows NT 10.0; Win64; x64) AppleWebKit/537.36 (KHTML, like Gecko) Chrome/109.0.0.0 Safari/537.36
Response Body:
{
	"message": "Receita excluída com sucesso!"
}
Response: 200 84.434 ms 

Request: GET /list/revenues at Sun Jan 29 2023 15:06:12 GMT-0300, IP: ::1, User Agent: Mozilla/5.0 (Windows NT 10.0; Win64; x64) AppleWebKit/537.36 (KHTML, like Gecko) Chrome/109.0.0.0 Safari/537.36
Response Body:
{
	"result": [
		{
			"user": {
				"title": "oscar@email.com",
				"month": {
					"title": "Janeiro",
					"listMonth": {
						"_id": "63c6d9bffa11b98bfb842543",
						"typeRevenue": "13° Salário",
						"value": "1000",
						"dateEntry": "2023-01-17T03:00:00.000Z",
						"actions": [
							"https://raw.githubusercontent.com/daniloagostinho/curso-angular15-na-pratica/main/src/assets/images/edit.png",
							"https://raw.githubusercontent.com/daniloagostinho/curso-angular15-na-pratica/main/src/assets/images/delete.png"
						]
					}
				}
			}
		},
		{
			"user": {
				"title": "oscar@email.com",
				"month": {
					"title": "Janeiro",
					"listMonth": {
						"_id": "63c6d9cffa11b98bfb842545",
						"typeRevenue": "Investimento",
						"value": "1000",
						"dateEntry": "2023-01-17T03:00:00.000Z",
						"actions": [
							"https://raw.githubusercontent.com/daniloagostinho/curso-angular15-na-pratica/main/src/assets/images/edit.png",
							"https://raw.githubusercontent.com/dan
...
Response: 200 73.498 ms 

Request: DELETE /delete/revenue/63c92443a18bd3f9cb44a5f1 at Sun Jan 29 2023 15:06:23 GMT-0300, IP: ::1, User Agent: Mozilla/5.0 (Windows NT 10.0; Win64; x64) AppleWebKit/537.36 (KHTML, like Gecko) Chrome/109.0.0.0 Safari/537.36
Response Body:
{
	"message": "Receita excluída com sucesso!"
}
Response: 200 71.447 ms 

Request: GET /list/revenues at Sun Jan 29 2023 15:06:23 GMT-0300, IP: ::1, User Agent: Mozilla/5.0 (Windows NT 10.0; Win64; x64) AppleWebKit/537.36 (KHTML, like Gecko) Chrome/109.0.0.0 Safari/537.36
Response Body:
{
	"result": [
		{
			"user": {
				"title": "oscar@email.com",
				"month": {
					"title": "Janeiro",
					"listMonth": {
						"_id": "63c6d9bffa11b98bfb842543",
						"typeRevenue": "13° Salário",
						"value": "1000",
						"dateEntry": "2023-01-17T03:00:00.000Z",
						"actions": [
							"https://raw.githubusercontent.com/daniloagostinho/curso-angular15-na-pratica/main/src/assets/images/edit.png",
							"https://raw.githubusercontent.com/daniloagostinho/curso-angular15-na-pratica/main/src/assets/images/delete.png"
						]
					}
				}
			}
		},
		{
			"user": {
				"title": "oscar@email.com",
				"month": {
					"title": "Janeiro",
					"listMonth": {
						"_id": "63c6d9cffa11b98bfb842545",
						"typeRevenue": "Investimento",
						"value": "1000",
						"dateEntry": "2023-01-17T03:00:00.000Z",
						"actions": [
							"https://raw.githubusercontent.com/daniloagostinho/curso-angular15-na-pratica/main/src/assets/images/edit.png",
							"https://raw.githubusercontent.com/dan
...
Response: 200 71.344 ms 

Request: DELETE /delete/revenue/63cd2202c057b93dfd621924 at Sun Jan 29 2023 15:06:35 GMT-0300, IP: ::1, User Agent: Mozilla/5.0 (Windows NT 10.0; Win64; x64) AppleWebKit/537.36 (KHTML, like Gecko) Chrome/109.0.0.0 Safari/537.36
Response Body:
{
	"message": "Receita excluída com sucesso!"
}
Response: 200 74.546 ms 

Request: GET /list/revenues at Sun Jan 29 2023 15:06:35 GMT-0300, IP: ::1, User Agent: Mozilla/5.0 (Windows NT 10.0; Win64; x64) AppleWebKit/537.36 (KHTML, like Gecko) Chrome/109.0.0.0 Safari/537.36
Response Body:
{
	"result": [
		{
			"user": {
				"title": "oscar@email.com",
				"month": {
					"title": "Janeiro",
					"listMonth": {
						"_id": "63c6d9bffa11b98bfb842543",
						"typeRevenue": "13° Salário",
						"value": "1000",
						"dateEntry": "2023-01-17T03:00:00.000Z",
						"actions": [
							"https://raw.githubusercontent.com/daniloagostinho/curso-angular15-na-pratica/main/src/assets/images/edit.png",
							"https://raw.githubusercontent.com/daniloagostinho/curso-angular15-na-pratica/main/src/assets/images/delete.png"
						]
					}
				}
			}
		},
		{
			"user": {
				"title": "oscar@email.com",
				"month": {
					"title": "Janeiro",
					"listMonth": {
						"_id": "63c6d9cffa11b98bfb842545",
						"typeRevenue": "Investimento",
						"value": "1000",
						"dateEntry": "2023-01-17T03:00:00.000Z",
						"actions": [
							"https://raw.githubusercontent.com/daniloagostinho/curso-angular15-na-pratica/main/src/assets/images/edit.png",
							"https://raw.githubusercontent.com/dan
...
Response: 200 69.378 ms 

Request: DELETE /delete/revenue/63c7caf4fa11b98bfb842548 at Sun Jan 29 2023 15:06:42 GMT-0300, IP: ::1, User Agent: Mozilla/5.0 (Windows NT 10.0; Win64; x64) AppleWebKit/537.36 (KHTML, like Gecko) Chrome/109.0.0.0 Safari/537.36
Response Body:
{
	"message": "Receita excluída com sucesso!"
}
Response: 200 71.606 ms 

Request: GET /list/revenues at Sun Jan 29 2023 15:06:42 GMT-0300, IP: ::1, User Agent: Mozilla/5.0 (Windows NT 10.0; Win64; x64) AppleWebKit/537.36 (KHTML, like Gecko) Chrome/109.0.0.0 Safari/537.36
Response Body:
{
	"result": [
		{
			"user": {
				"title": "oscar@email.com",
				"month": {
					"title": "Janeiro",
					"listMonth": {
						"_id": "63c6d9bffa11b98bfb842543",
						"typeRevenue": "13° Salário",
						"value": "1000",
						"dateEntry": "2023-01-17T03:00:00.000Z",
						"actions": [
							"https://raw.githubusercontent.com/daniloagostinho/curso-angular15-na-pratica/main/src/assets/images/edit.png",
							"https://raw.githubusercontent.com/daniloagostinho/curso-angular15-na-pratica/main/src/assets/images/delete.png"
						]
					}
				}
			}
		},
		{
			"user": {
				"title": "oscar@email.com",
				"month": {
					"title": "Janeiro",
					"listMonth": {
						"_id": "63c6d9cffa11b98bfb842545",
						"typeRevenue": "Investimento",
						"value": "1000",
						"dateEntry": "2023-01-17T03:00:00.000Z",
						"actions": [
							"https://raw.githubusercontent.com/daniloagostinho/curso-angular15-na-pratica/main/src/assets/images/edit.png",
							"https://raw.githubusercontent.com/dan
...
Response: 200 71.892 ms 

Request: POST /auth/revenues at Sun Jan 29 2023 15:07:03 GMT-0300, IP: ::1, User Agent: Mozilla/5.0 (Windows NT 10.0; Win64; x64) AppleWebKit/537.36 (KHTML, like Gecko) Chrome/109.0.0.0 Safari/537.36
Request Body:
{
	"user": {
		"title": "manoeloscar@email.com",
		"month": {
			"title": "Janeiro",
			"listMonth": {
				"typeRevenue": "PLR",
				"value": 1000,
				"dateEntry": "2023-01-04T03:00:00.000Z"
			}
		}
	}
}
Response Body:
{
	"message": "cadastro realizado com sucesso!"
}
Response: 201 96.321 ms 

Request: GET /list/revenues at Sun Jan 29 2023 15:07:03 GMT-0300, IP: ::1, User Agent: Mozilla/5.0 (Windows NT 10.0; Win64; x64) AppleWebKit/537.36 (KHTML, like Gecko) Chrome/109.0.0.0 Safari/537.36
Response Body:
{
	"result": [
		{
			"user": {
				"title": "oscar@email.com",
				"month": {
					"title": "Janeiro",
					"listMonth": {
						"_id": "63c6d9bffa11b98bfb842543",
						"typeRevenue": "13° Salário",
						"value": "1000",
						"dateEntry": "2023-01-17T03:00:00.000Z",
						"actions": [
							"https://raw.githubusercontent.com/daniloagostinho/curso-angular15-na-pratica/main/src/assets/images/edit.png",
							"https://raw.githubusercontent.com/daniloagostinho/curso-angular15-na-pratica/main/src/assets/images/delete.png"
						]
					}
				}
			}
		},
		{
			"user": {
				"title": "oscar@email.com",
				"month": {
					"title": "Janeiro",
					"listMonth": {
						"_id": "63c6d9cffa11b98bfb842545",
						"typeRevenue": "Investimento",
						"value": "1000",
						"dateEntry": "2023-01-17T03:00:00.000Z",
						"actions": [
							"https://raw.githubusercontent.com/daniloagostinho/curso-angular15-na-pratica/main/src/assets/images/edit.png",
							"https://raw.githubusercontent.com/dan
...
Response: 200 74.697 ms 

Request: GET /list/revenues at Sun Jan 29 2023 15:07:11 GMT-0300, IP: ::1, User Agent: Mozilla/5.0 (Windows NT 10.0; Win64; x64) AppleWebKit/537.36 (KHTML, like Gecko) Chrome/109.0.0.0 Safari/537.36
Response Body:
{
	"result": [
		{
			"user": {
				"title": "oscar@email.com",
				"month": {
					"title": "Janeiro",
					"listMonth": {
						"_id": "63c6d9bffa11b98bfb842543",
						"typeRevenue": "13° Salário",
						"value": "1000",
						"dateEntry": "2023-01-17T03:00:00.000Z",
						"actions": [
							"https://raw.githubusercontent.com/daniloagostinho/curso-angular15-na-pratica/main/src/assets/images/edit.png",
							"https://raw.githubusercontent.com/daniloagostinho/curso-angular15-na-pratica/main/src/assets/images/delete.png"
						]
					}
				}
			}
		},
		{
			"user": {
				"title": "oscar@email.com",
				"month": {
					"title": "Janeiro",
					"listMonth": {
						"_id": "63c6d9cffa11b98bfb842545",
						"typeRevenue": "Investimento",
						"value": "1000",
						"dateEntry": "2023-01-17T03:00:00.000Z",
						"actions": [
							"https://raw.githubusercontent.com/daniloagostinho/curso-angular15-na-pratica/main/src/assets/images/edit.png",
							"https://raw.githubusercontent.com/dan
...
Response: 304 80.478 ms 

Request: DELETE /delete/revenue/63cec2bf80ff3aaea98e85af at Sun Jan 29 2023 15:07:29 GMT-0300, IP: ::1, User Agent: Mozilla/5.0 (Windows NT 10.0; Win64; x64) AppleWebKit/537.36 (KHTML, like Gecko) Chrome/109.0.0.0 Safari/537.36
Response Body:
{
	"message": "Receita excluída com sucesso!"
}
Response: 200 73.054 ms 

Request: GET /list/revenues at Sun Jan 29 2023 15:07:29 GMT-0300, IP: ::1, User Agent: Mozilla/5.0 (Windows NT 10.0; Win64; x64) AppleWebKit/537.36 (KHTML, like Gecko) Chrome/109.0.0.0 Safari/537.36
Response Body:
{
	"result": [
		{
			"user": {
				"title": "oscar@email.com",
				"month": {
					"title": "Janeiro",
					"listMonth": {
						"_id": "63c6d9bffa11b98bfb842543",
						"typeRevenue": "13° Salário",
						"value": "1000",
						"dateEntry": "2023-01-17T03:00:00.000Z",
						"actions": [
							"https://raw.githubusercontent.com/daniloagostinho/curso-angular15-na-pratica/main/src/assets/images/edit.png",
							"https://raw.githubusercontent.com/daniloagostinho/curso-angular15-na-pratica/main/src/assets/images/delete.png"
						]
					}
				}
			}
		},
		{
			"user": {
				"title": "oscar@email.com",
				"month": {
					"title": "Janeiro",
					"listMonth": {
						"_id": "63c6d9cffa11b98bfb842545",
						"typeRevenue": "Investimento",
						"value": "1000",
						"dateEntry": "2023-01-17T03:00:00.000Z",
						"actions": [
							"https://raw.githubusercontent.com/daniloagostinho/curso-angular15-na-pratica/main/src/assets/images/edit.png",
							"https://raw.githubusercontent.com/dan
...
Response: 200 76.368 ms 

Request: DELETE /delete/revenue/63cf898380ff3aaea98e85b6 at Sun Jan 29 2023 15:07:37 GMT-0300, IP: ::1, User Agent: Mozilla/5.0 (Windows NT 10.0; Win64; x64) AppleWebKit/537.36 (KHTML, like Gecko) Chrome/109.0.0.0 Safari/537.36
Response Body:
{
	"message": "Receita excluída com sucesso!"
}
Response: 200 69.705 ms 

Request: GET /list/revenues at Sun Jan 29 2023 15:07:37 GMT-0300, IP: ::1, User Agent: Mozilla/5.0 (Windows NT 10.0; Win64; x64) AppleWebKit/537.36 (KHTML, like Gecko) Chrome/109.0.0.0 Safari/537.36
Response Body:
{
	"result": [
		{
			"user": {
				"title": "oscar@email.com",
				"month": {
					"title": "Janeiro",
					"listMonth": {
						"_id": "63c6d9bffa11b98bfb842543",
						"typeRevenue": "13° Salário",
						"value": "1000",
						"dateEntry": "2023-01-17T03:00:00.000Z",
						"actions": [
							"https://raw.githubusercontent.com/daniloagostinho/curso-angular15-na-pratica/main/src/assets/images/edit.png",
							"https://raw.githubusercontent.com/daniloagostinho/curso-angular15-na-pratica/main/src/assets/images/delete.png"
						]
					}
				}
			}
		},
		{
			"user": {
				"title": "oscar@email.com",
				"month": {
					"title": "Janeiro",
					"listMonth": {
						"_id": "63c6d9cffa11b98bfb842545",
						"typeRevenue": "Investimento",
						"value": "1000",
						"dateEntry": "2023-01-17T03:00:00.000Z",
						"actions": [
							"https://raw.githubusercontent.com/daniloagostinho/curso-angular15-na-pratica/main/src/assets/images/edit.png",
							"https://raw.githubusercontent.com/dan
...
Response: 200 71.447 ms 

Request: DELETE /delete/revenue/63cf89e180ff3aaea98e85ba at Sun Jan 29 2023 15:07:41 GMT-0300, IP: ::1, User Agent: Mozilla/5.0 (Windows NT 10.0; Win64; x64) AppleWebKit/537.36 (KHTML, like Gecko) Chrome/109.0.0.0 Safari/537.36
Response Body:
{
	"message": "Receita excluída com sucesso!"
}
Response: 200 72.269 ms 

Request: GET /list/revenues at Sun Jan 29 2023 15:07:41 GMT-0300, IP: ::1, User Agent: Mozilla/5.0 (Windows NT 10.0; Win64; x64) AppleWebKit/537.36 (KHTML, like Gecko) Chrome/109.0.0.0 Safari/537.36
Response Body:
{
	"result": [
		{
			"user": {
				"title": "oscar@email.com",
				"month": {
					"title": "Janeiro",
					"listMonth": {
						"_id": "63c6d9bffa11b98bfb842543",
						"typeRevenue": "13° Salário",
						"value": "1000",
						"dateEntry": "2023-01-17T03:00:00.000Z",
						"actions": [
							"https://raw.githubusercontent.com/daniloagostinho/curso-angular15-na-pratica/main/src/assets/images/edit.png",
							"https://raw.githubusercontent.com/daniloagostinho/curso-angular15-na-pratica/main/src/assets/images/delete.png"
						]
					}
				}
			}
		},
		{
			"user": {
				"title": "oscar@email.com",
				"month": {
					"title": "Janeiro",
					"listMonth": {
						"_id": "63c6d9cffa11b98bfb842545",
						"typeRevenue": "Investimento",
						"value": "1000",
						"dateEntry": "2023-01-17T03:00:00.000Z",
						"actions": [
							"https://raw.githubusercontent.com/daniloagostinho/curso-angular15-na-pratica/main/src/assets/images/edit.png",
							"https://raw.githubusercontent.com/dan
...
Response: 200 74.406 ms 

Request: DELETE /delete/revenue/63cf8a3280ff3aaea98e85bd at Sun Jan 29 2023 15:07:47 GMT-0300, IP: ::1, User Agent: Mozilla/5.0 (Windows NT 10.0; Win64; x64) AppleWebKit/537.36 (KHTML, like Gecko) Chrome/109.0.0.0 Safari/537.36
Response Body:
{
	"message": "Receita excluída com sucesso!"
}
Response: 200 70.310 ms 

Request: GET /list/revenues at Sun Jan 29 2023 15:07:47 GMT-0300, IP: ::1, User Agent: Mozilla/5.0 (Windows NT 10.0; Win64; x64) AppleWebKit/537.36 (KHTML, like Gecko) Chrome/109.0.0.0 Safari/537.36
Response Body:
{
	"result": [
		{
			"user": {
				"title": "oscar@email.com",
				"month": {
					"title": "Janeiro",
					"listMonth": {
						"_id": "63c6d9bffa11b98bfb842543",
						"typeRevenue": "13° Salário",
						"value": "1000",
						"dateEntry": "2023-01-17T03:00:00.000Z",
						"actions": [
							"https://raw.githubusercontent.com/daniloagostinho/curso-angular15-na-pratica/main/src/assets/images/edit.png",
							"https://raw.githubusercontent.com/daniloagostinho/curso-angular15-na-pratica/main/src/assets/images/delete.png"
						]
					}
				}
			}
		},
		{
			"user": {
				"title": "oscar@email.com",
				"month": {
					"title": "Janeiro",
					"listMonth": {
						"_id": "63c6d9cffa11b98bfb842545",
						"typeRevenue": "Investimento",
						"value": "1000",
						"dateEntry": "2023-01-17T03:00:00.000Z",
						"actions": [
							"https://raw.githubusercontent.com/daniloagostinho/curso-angular15-na-pratica/main/src/assets/images/edit.png",
							"https://raw.githubusercontent.com/dan
...
Response: 200 71.296 ms 

Request: DELETE /delete/revenue/63d6b5c7db9eeeb1b438288f at Sun Jan 29 2023 15:07:53 GMT-0300, IP: ::1, User Agent: Mozilla/5.0 (Windows NT 10.0; Win64; x64) AppleWebKit/537.36 (KHTML, like Gecko) Chrome/109.0.0.0 Safari/537.36
Response Body:
{
	"message": "Receita excluída com sucesso!"
}
Response: 200 75.075 ms 

Request: GET /list/revenues at Sun Jan 29 2023 15:07:53 GMT-0300, IP: ::1, User Agent: Mozilla/5.0 (Windows NT 10.0; Win64; x64) AppleWebKit/537.36 (KHTML, like Gecko) Chrome/109.0.0.0 Safari/537.36
Response Body:
{
	"result": [
		{
			"user": {
				"title": "oscar@email.com",
				"month": {
					"title": "Janeiro",
					"listMonth": {
						"_id": "63c6d9bffa11b98bfb842543",
						"typeRevenue": "13° Salário",
						"value": "1000",
						"dateEntry": "2023-01-17T03:00:00.000Z",
						"actions": [
							"https://raw.githubusercontent.com/daniloagostinho/curso-angular15-na-pratica/main/src/assets/images/edit.png",
							"https://raw.githubusercontent.com/daniloagostinho/curso-angular15-na-pratica/main/src/assets/images/delete.png"
						]
					}
				}
			}
		},
		{
			"user": {
				"title": "oscar@email.com",
				"month": {
					"title": "Janeiro",
					"listMonth": {
						"_id": "63c6d9cffa11b98bfb842545",
						"typeRevenue": "Investimento",
						"value": "1000",
						"dateEntry": "2023-01-17T03:00:00.000Z",
						"actions": [
							"https://raw.githubusercontent.com/daniloagostinho/curso-angular15-na-pratica/main/src/assets/images/edit.png",
							"https://raw.githubusercontent.com/dan
...
Response: 200 67.742 ms 

Request: DELETE /delete/revenue/63c6d9bffa11b98bfb842543 at Sun Jan 29 2023 15:08:00 GMT-0300, IP: ::1, User Agent: Mozilla/5.0 (Windows NT 10.0; Win64; x64) AppleWebKit/537.36 (KHTML, like Gecko) Chrome/109.0.0.0 Safari/537.36
Response Body:
{
	"message": "Receita excluída com sucesso!"
}
Response: 200 71.294 ms 

Request: GET /list/revenues at Sun Jan 29 2023 15:08:00 GMT-0300, IP: ::1, User Agent: Mozilla/5.0 (Windows NT 10.0; Win64; x64) AppleWebKit/537.36 (KHTML, like Gecko) Chrome/109.0.0.0 Safari/537.36
Response Body:
{
	"result": [
		{
			"user": {
				"title": "oscar@email.com",
				"month": {
					"title": "Janeiro",
					"listMonth": {
						"_id": "63c6d9cffa11b98bfb842545",
						"typeRevenue": "Investimento",
						"value": "1000",
						"dateEntry": "2023-01-17T03:00:00.000Z",
						"actions": [
							"https://raw.githubusercontent.com/daniloagostinho/curso-angular15-na-pratica/main/src/assets/images/edit.png",
							"https://raw.githubusercontent.com/daniloagostinho/curso-angular15-na-pratica/main/src/assets/images/delete.png"
						]
					}
				}
			}
		}
	]
}
Response: 200 70.232 ms 

Request: POST /auth/revenues at Sun Jan 29 2023 15:08:25 GMT-0300, IP: ::1, User Agent: Mozilla/5.0 (Windows NT 10.0; Win64; x64) AppleWebKit/537.36 (KHTML, like Gecko) Chrome/109.0.0.0 Safari/537.36
Request Body:
{
	"user": {
		"title": "manoeloscar@email.com",
		"month": {
			"title": "Janeiro",
			"listMonth": {
				"typeRevenue": "PLR",
				"value": 1000,
				"dateEntry": "2023-01-29T03:00:00.000Z"
			}
		}
	}
}
Response Body:
{
	"message": "cadastro realizado com sucesso!"
}
Response: 201 75.912 ms 

Request: GET /list/revenues at Sun Jan 29 2023 15:08:25 GMT-0300, IP: ::1, User Agent: Mozilla/5.0 (Windows NT 10.0; Win64; x64) AppleWebKit/537.36 (KHTML, like Gecko) Chrome/109.0.0.0 Safari/537.36
Response Body:
{
	"result": [
		{
			"user": {
				"title": "oscar@email.com",
				"month": {
					"title": "Janeiro",
					"listMonth": {
						"_id": "63c6d9cffa11b98bfb842545",
						"typeRevenue": "Investimento",
						"value": "1000",
						"dateEntry": "2023-01-17T03:00:00.000Z",
						"actions": [
							"https://raw.githubusercontent.com/daniloagostinho/curso-angular15-na-pratica/main/src/assets/images/edit.png",
							"https://raw.githubusercontent.com/daniloagostinho/curso-angular15-na-pratica/main/src/assets/images/delete.png"
						]
					}
				}
			}
		},
		{
			"user": {
				"title": "manoeloscar@email.com",
				"month": {
					"title": "Janeiro",
					"listMonth": {
						"_id": "63d6b619db9eeeb1b438289f",
						"typeRevenue": "PLR",
						"value": "1000",
						"dateEntry": "2023-01-29T03:00:00.000Z",
						"actions": [
							"https://raw.githubusercontent.com/daniloagostinho/curso-angular15-na-pratica/main/src/assets/images/edit.png",
							"https://raw.githubusercontent.com/danil
...
Response: 200 68.840 ms 

Request: POST /auth/revenues at Sun Jan 29 2023 15:09:03 GMT-0300, IP: ::1, User Agent: Mozilla/5.0 (Windows NT 10.0; Win64; x64) AppleWebKit/537.36 (KHTML, like Gecko) Chrome/109.0.0.0 Safari/537.36
Request Body:
{
	"user": {
		"title": "manoeloscar@email.com",
		"month": {
			"title": "Janeiro",
			"listMonth": {
				"typeRevenue": "Salário",
				"value": 2000,
				"dateEntry": "2023-01-05T03:00:00.000Z"
			}
		}
	}
}
Response Body:
{
	"message": "cadastro realizado com sucesso!"
}
Response: 201 77.773 ms 

Request: GET /list/revenues at Sun Jan 29 2023 15:09:04 GMT-0300, IP: ::1, User Agent: Mozilla/5.0 (Windows NT 10.0; Win64; x64) AppleWebKit/537.36 (KHTML, like Gecko) Chrome/109.0.0.0 Safari/537.36
Response Body:
{
	"result": [
		{
			"user": {
				"title": "oscar@email.com",
				"month": {
					"title": "Janeiro",
					"listMonth": {
						"_id": "63c6d9cffa11b98bfb842545",
						"typeRevenue": "Investimento",
						"value": "1000",
						"dateEntry": "2023-01-17T03:00:00.000Z",
						"actions": [
							"https://raw.githubusercontent.com/daniloagostinho/curso-angular15-na-pratica/main/src/assets/images/edit.png",
							"https://raw.githubusercontent.com/daniloagostinho/curso-angular15-na-pratica/main/src/assets/images/delete.png"
						]
					}
				}
			}
		},
		{
			"user": {
				"title": "manoeloscar@email.com",
				"month": {
					"title": "Janeiro",
					"listMonth": {
						"_id": "63d6b619db9eeeb1b438289f",
						"typeRevenue": "PLR",
						"value": "1000",
						"dateEntry": "2023-01-29T03:00:00.000Z",
						"actions": [
							"https://raw.githubusercontent.com/daniloagostinho/curso-angular15-na-pratica/main/src/assets/images/edit.png",
							"https://raw.githubusercontent.com/danil
...
Response: 200 67.109 ms 

Request: DELETE /delete/revenue/63d6b63fdb9eeeb1b43828a2 at Sun Jan 29 2023 15:09:19 GMT-0300, IP: ::1, User Agent: Mozilla/5.0 (Windows NT 10.0; Win64; x64) AppleWebKit/537.36 (KHTML, like Gecko) Chrome/109.0.0.0 Safari/537.36
Response Body:
{
	"message": "Receita excluída com sucesso!"
}
Response: 200 74.472 ms 

Request: GET /list/revenues at Sun Jan 29 2023 15:09:19 GMT-0300, IP: ::1, User Agent: Mozilla/5.0 (Windows NT 10.0; Win64; x64) AppleWebKit/537.36 (KHTML, like Gecko) Chrome/109.0.0.0 Safari/537.36
Response Body:
{
	"result": [
		{
			"user": {
				"title": "oscar@email.com",
				"month": {
					"title": "Janeiro",
					"listMonth": {
						"_id": "63c6d9cffa11b98bfb842545",
						"typeRevenue": "Investimento",
						"value": "1000",
						"dateEntry": "2023-01-17T03:00:00.000Z",
						"actions": [
							"https://raw.githubusercontent.com/daniloagostinho/curso-angular15-na-pratica/main/src/assets/images/edit.png",
							"https://raw.githubusercontent.com/daniloagostinho/curso-angular15-na-pratica/main/src/assets/images/delete.png"
						]
					}
				}
			}
		},
		{
			"user": {
				"title": "manoeloscar@email.com",
				"month": {
					"title": "Janeiro",
					"listMonth": {
						"_id": "63d6b619db9eeeb1b438289f",
						"typeRevenue": "PLR",
						"value": "1000",
						"dateEntry": "2023-01-29T03:00:00.000Z",
						"actions": [
							"https://raw.githubusercontent.com/daniloagostinho/curso-angular15-na-pratica/main/src/assets/images/edit.png",
							"https://raw.githubusercontent.com/danil
...
Response: 200 68.053 ms 

Request: POST /auth/revenues at Sun Jan 29 2023 15:09:33 GMT-0300, IP: ::1, User Agent: Mozilla/5.0 (Windows NT 10.0; Win64; x64) AppleWebKit/537.36 (KHTML, like Gecko) Chrome/109.0.0.0 Safari/537.36
Request Body:
{
	"user": {
		"title": "manoeloscar@email.com",
		"month": {
			"title": "Janeiro",
			"listMonth": {
				"typeRevenue": "Salário",
				"value": 3000,
				"dateEntry": "2023-01-05T03:00:00.000Z"
			}
		}
	}
}
Response Body:
{
	"message": "cadastro realizado com sucesso!"
}
Response: 201 72.940 ms 

Request: GET /list/revenues at Sun Jan 29 2023 15:09:33 GMT-0300, IP: ::1, User Agent: Mozilla/5.0 (Windows NT 10.0; Win64; x64) AppleWebKit/537.36 (KHTML, like Gecko) Chrome/109.0.0.0 Safari/537.36
Response Body:
{
	"result": [
		{
			"user": {
				"title": "oscar@email.com",
				"month": {
					"title": "Janeiro",
					"listMonth": {
						"_id": "63c6d9cffa11b98bfb842545",
						"typeRevenue": "Investimento",
						"value": "1000",
						"dateEntry": "2023-01-17T03:00:00.000Z",
						"actions": [
							"https://raw.githubusercontent.com/daniloagostinho/curso-angular15-na-pratica/main/src/assets/images/edit.png",
							"https://raw.githubusercontent.com/daniloagostinho/curso-angular15-na-pratica/main/src/assets/images/delete.png"
						]
					}
				}
			}
		},
		{
			"user": {
				"title": "manoeloscar@email.com",
				"month": {
					"title": "Janeiro",
					"listMonth": {
						"_id": "63d6b619db9eeeb1b438289f",
						"typeRevenue": "PLR",
						"value": "1000",
						"dateEntry": "2023-01-29T03:00:00.000Z",
						"actions": [
							"https://raw.githubusercontent.com/daniloagostinho/curso-angular15-na-pratica/main/src/assets/images/edit.png",
							"https://raw.githubusercontent.com/danil
...
Response: 200 69.236 ms 

Request: GET /list/revenues at Sun Jan 29 2023 15:10:12 GMT-0300, IP: ::1, User Agent: Mozilla/5.0 (Windows NT 10.0; Win64; x64) AppleWebKit/537.36 (KHTML, like Gecko) Chrome/109.0.0.0 Safari/537.36
Response Body:
{
	"result": [
		{
			"user": {
				"title": "oscar@email.com",
				"month": {
					"title": "Janeiro",
					"listMonth": {
						"_id": "63c6d9cffa11b98bfb842545",
						"typeRevenue": "Investimento",
						"value": "1000",
						"dateEntry": "2023-01-17T03:00:00.000Z",
						"actions": [
							"https://raw.githubusercontent.com/daniloagostinho/curso-angular15-na-pratica/main/src/assets/images/edit.png",
							"https://raw.githubusercontent.com/daniloagostinho/curso-angular15-na-pratica/main/src/assets/images/delete.png"
						]
					}
				}
			}
		},
		{
			"user": {
				"title": "manoeloscar@email.com",
				"month": {
					"title": "Janeiro",
					"listMonth": {
						"_id": "63d6b619db9eeeb1b438289f",
						"typeRevenue": "PLR",
						"value": "1000",
						"dateEntry": "2023-01-29T03:00:00.000Z",
						"actions": [
							"https://raw.githubusercontent.com/daniloagostinho/curso-angular15-na-pratica/main/src/assets/images/edit.png",
							"https://raw.githubusercontent.com/danil
...
Response: 304 68.722 ms 

Request: GET /list/revenues at Sun Jan 29 2023 15:10:27 GMT-0300, IP: ::1, User Agent: Mozilla/5.0 (Windows NT 10.0; Win64; x64) AppleWebKit/537.36 (KHTML, like Gecko) Chrome/109.0.0.0 Safari/537.36
Response Body:
{
	"result": [
		{
			"user": {
				"title": "oscar@email.com",
				"month": {
					"title": "Janeiro",
					"listMonth": {
						"_id": "63c6d9cffa11b98bfb842545",
						"typeRevenue": "Investimento",
						"value": "1000",
						"dateEntry": "2023-01-17T03:00:00.000Z",
						"actions": [
							"https://raw.githubusercontent.com/daniloagostinho/curso-angular15-na-pratica/main/src/assets/images/edit.png",
							"https://raw.githubusercontent.com/daniloagostinho/curso-angular15-na-pratica/main/src/assets/images/delete.png"
						]
					}
				}
			}
		},
		{
			"user": {
				"title": "manoeloscar@email.com",
				"month": {
					"title": "Janeiro",
					"listMonth": {
						"_id": "63d6b619db9eeeb1b438289f",
						"typeRevenue": "PLR",
						"value": "1000",
						"dateEntry": "2023-01-29T03:00:00.000Z",
						"actions": [
							"https://raw.githubusercontent.com/daniloagostinho/curso-angular15-na-pratica/main/src/assets/images/edit.png",
							"https://raw.githubusercontent.com/danil
...
Response: 304 68.930 ms 

Request: POST /auth/login at Mon Jan 30 2023 12:47:27 GMT-0300, IP: ::1, User Agent: Mozilla/5.0 (Windows NT 10.0; Win64; x64) AppleWebKit/537.36 (KHTML, like Gecko) Chrome/109.0.0.0 Safari/537.36
Request Body:
{
	"email": "manoeoscar@email.com",
	"password": "1234"
}
Response Body:
{
	"message": "Usuario não encontrado!"
}
Response: 404 57.927 ms 

Request: POST /auth/login at Mon Jan 30 2023 12:47:27 GMT-0300, IP: ::1, User Agent: Mozilla/5.0 (Windows NT 10.0; Win64; x64) AppleWebKit/537.36 (KHTML, like Gecko) Chrome/109.0.0.0 Safari/537.36
Request Body:
{
	"email": "manoeoscar@email.com",
	"password": "1234"
}
Response Body:
{
	"message": "Usuario não encontrado!"
}
Response: 404 43.866 ms 

Request: POST /auth/login at Mon Jan 30 2023 12:47:27 GMT-0300, IP: ::1, User Agent: Mozilla/5.0 (Windows NT 10.0; Win64; x64) AppleWebKit/537.36 (KHTML, like Gecko) Chrome/109.0.0.0 Safari/537.36
Request Body:
{
	"email": "manoeoscar@email.com",
	"password": "1234"
}
Response Body:
{
	"message": "Usuario não encontrado!"
}
Response: 404 44.818 ms 

Request: POST /auth/login at Mon Jan 30 2023 12:47:35 GMT-0300, IP: ::1, User Agent: Mozilla/5.0 (Windows NT 10.0; Win64; x64) AppleWebKit/537.36 (KHTML, like Gecko) Chrome/109.0.0.0 Safari/537.36
Request Body:
{
	"email": "manoeloscar@email.com",
	"password": "1234"
}
Response Body:
{
	"message": "Autenticação realizada com sucesso!",
	"token": "eyJhbGciOiJIUzI1NiIsInR5cCI6IkpXVCJ9.eyJpZCI6IjYzY2VjMjkwODBmZjNhYWVhOThlODVhYSIsImlhdCI6MTY3NTA5MzY1NX0.DO__To2zvmVw_vVtJ6038ySY7ymJ71yLv8kjE1zXwrA"
}
Response: 200 360.145 ms 

Request: GET /list/revenues at Mon Jan 30 2023 12:47:35 GMT-0300, IP: ::1, User Agent: Mozilla/5.0 (Windows NT 10.0; Win64; x64) AppleWebKit/537.36 (KHTML, like Gecko) Chrome/109.0.0.0 Safari/537.36
Response Body:
{
	"result": [
		{
			"user": {
				"title": "oscar@email.com",
				"month": {
					"title": "Janeiro",
					"listMonth": {
						"_id": "63c6d9cffa11b98bfb842545",
						"typeRevenue": "Investimento",
						"value": "1000",
						"dateEntry": "2023-01-17T03:00:00.000Z",
						"actions": [
							"https://raw.githubusercontent.com/daniloagostinho/curso-angular15-na-pratica/main/src/assets/images/edit.png",
							"https://raw.githubusercontent.com/daniloagostinho/curso-angular15-na-pratica/main/src/assets/images/delete.png"
						]
					}
				}
			}
		},
		{
			"user": {
				"title": "manoeloscar@email.com",
				"month": {
					"title": "Janeiro",
					"listMonth": {
						"_id": "63d6b619db9eeeb1b438289f",
						"typeRevenue": "PLR",
						"value": "1000",
						"dateEntry": "2023-01-29T03:00:00.000Z",
						"actions": [
							"https://raw.githubusercontent.com/daniloagostinho/curso-angular15-na-pratica/main/src/assets/images/edit.png",
							"https://raw.githubusercontent.com/danil
...
Response: 200 52.407 ms 

Request: GET /list/revenues at Mon Jan 30 2023 12:48:49 GMT-0300, IP: ::1, User Agent: Mozilla/5.0 (Windows NT 10.0; Win64; x64) AppleWebKit/537.36 (KHTML, like Gecko) Chrome/109.0.0.0 Safari/537.36
Response Body:
{
	"result": [
		{
			"user": {
				"title": "oscar@email.com",
				"month": {
					"title": "Janeiro",
					"listMonth": {
						"_id": "63c6d9cffa11b98bfb842545",
						"typeRevenue": "Investimento",
						"value": "1000",
						"dateEntry": "2023-01-17T03:00:00.000Z",
						"actions": [
							"https://raw.githubusercontent.com/daniloagostinho/curso-angular15-na-pratica/main/src/assets/images/edit.png",
							"https://raw.githubusercontent.com/daniloagostinho/curso-angular15-na-pratica/main/src/assets/images/delete.png"
						]
					}
				}
			}
		},
		{
			"user": {
				"title": "manoeloscar@email.com",
				"month": {
					"title": "Janeiro",
					"listMonth": {
						"_id": "63d6b619db9eeeb1b438289f",
						"typeRevenue": "PLR",
						"value": "1000",
						"dateEntry": "2023-01-29T03:00:00.000Z",
						"actions": [
							"https://raw.githubusercontent.com/daniloagostinho/curso-angular15-na-pratica/main/src/assets/images/edit.png",
							"https://raw.githubusercontent.com/danil
...
Response: 304 55.259 ms 

Request: GET /list/revenues at Mon Jan 30 2023 12:50:22 GMT-0300, IP: ::1, User Agent: Mozilla/5.0 (Windows NT 10.0; Win64; x64) AppleWebKit/537.36 (KHTML, like Gecko) Chrome/109.0.0.0 Safari/537.36
Response Body:
{
	"result": [
		{
			"user": {
				"title": "oscar@email.com",
				"month": {
					"title": "Janeiro",
					"listMonth": {
						"_id": "63c6d9cffa11b98bfb842545",
						"typeRevenue": "Investimento",
						"value": "1000",
						"dateEntry": "2023-01-17T03:00:00.000Z",
						"actions": [
							"https://raw.githubusercontent.com/daniloagostinho/curso-angular15-na-pratica/main/src/assets/images/edit.png",
							"https://raw.githubusercontent.com/daniloagostinho/curso-angular15-na-pratica/main/src/assets/images/delete.png"
						]
					}
				}
			}
		},
		{
			"user": {
				"title": "manoeloscar@email.com",
				"month": {
					"title": "Janeiro",
					"listMonth": {
						"_id": "63d6b619db9eeeb1b438289f",
						"typeRevenue": "PLR",
						"value": "1000",
						"dateEntry": "2023-01-29T03:00:00.000Z",
						"actions": [
							"https://raw.githubusercontent.com/daniloagostinho/curso-angular15-na-pratica/main/src/assets/images/edit.png",
							"https://raw.githubusercontent.com/danil
...
Response: 304 51.504 ms 

Request: GET /list/revenues at Mon Jan 30 2023 12:53:10 GMT-0300, IP: ::1, User Agent: Mozilla/5.0 (Windows NT 10.0; Win64; x64) AppleWebKit/537.36 (KHTML, like Gecko) Chrome/109.0.0.0 Safari/537.36
Response Body:
{
	"result": [
		{
			"user": {
				"title": "oscar@email.com",
				"month": {
					"title": "Janeiro",
					"listMonth": {
						"_id": "63c6d9cffa11b98bfb842545",
						"typeRevenue": "Investimento",
						"value": "1000",
						"dateEntry": "2023-01-17T03:00:00.000Z",
						"actions": [
							"https://raw.githubusercontent.com/daniloagostinho/curso-angular15-na-pratica/main/src/assets/images/edit.png",
							"https://raw.githubusercontent.com/daniloagostinho/curso-angular15-na-pratica/main/src/assets/images/delete.png"
						]
					}
				}
			}
		},
		{
			"user": {
				"title": "manoeloscar@email.com",
				"month": {
					"title": "Janeiro",
					"listMonth": {
						"_id": "63d6b619db9eeeb1b438289f",
						"typeRevenue": "PLR",
						"value": "1000",
						"dateEntry": "2023-01-29T03:00:00.000Z",
						"actions": [
							"https://raw.githubusercontent.com/daniloagostinho/curso-angular15-na-pratica/main/src/assets/images/edit.png",
							"https://raw.githubusercontent.com/danil
...
Response: 200 54.317 ms 

Request: GET /list/revenues at Mon Jan 30 2023 12:59:21 GMT-0300, IP: ::1, User Agent: Mozilla/5.0 (Windows NT 10.0; Win64; x64) AppleWebKit/537.36 (KHTML, like Gecko) Chrome/109.0.0.0 Safari/537.36
Response Body:
{
	"result": [
		{
			"user": {
				"title": "oscar@email.com",
				"month": {
					"title": "Janeiro",
					"listMonth": {
						"_id": "63c6d9cffa11b98bfb842545",
						"typeRevenue": "Investimento",
						"value": "1000",
						"dateEntry": "2023-01-17T03:00:00.000Z",
						"actions": [
							"https://raw.githubusercontent.com/daniloagostinho/curso-angular15-na-pratica/main/src/assets/images/edit.png",
							"https://raw.githubusercontent.com/daniloagostinho/curso-angular15-na-pratica/main/src/assets/images/delete.png"
						]
					}
				}
			}
		},
		{
			"user": {
				"title": "manoeloscar@email.com",
				"month": {
					"title": "Janeiro",
					"listMonth": {
						"_id": "63d6b619db9eeeb1b438289f",
						"typeRevenue": "PLR",
						"value": "1000",
						"dateEntry": "2023-01-29T03:00:00.000Z",
						"actions": [
							"https://raw.githubusercontent.com/daniloagostinho/curso-angular15-na-pratica/main/src/assets/images/edit.png",
							"https://raw.githubusercontent.com/danil
...
Response: 200 50.750 ms 

Request: GET /list/revenues at Mon Jan 30 2023 13:04:08 GMT-0300, IP: ::1, User Agent: Mozilla/5.0 (Windows NT 10.0; Win64; x64) AppleWebKit/537.36 (KHTML, like Gecko) Chrome/109.0.0.0 Safari/537.36
Response Body:
{
	"result": [
		{
			"user": {
				"title": "oscar@email.com",
				"month": {
					"title": "Janeiro",
					"listMonth": {
						"_id": "63c6d9cffa11b98bfb842545",
						"typeRevenue": "Investimento",
						"value": "1000",
						"dateEntry": "2023-01-17T03:00:00.000Z",
						"actions": [
							"https://raw.githubusercontent.com/daniloagostinho/curso-angular15-na-pratica/main/src/assets/images/edit.png",
							"https://raw.githubusercontent.com/daniloagostinho/curso-angular15-na-pratica/main/src/assets/images/delete.png"
						]
					}
				}
			}
		},
		{
			"user": {
				"title": "manoeloscar@email.com",
				"month": {
					"title": "Janeiro",
					"listMonth": {
						"_id": "63d6b619db9eeeb1b438289f",
						"typeRevenue": "PLR",
						"value": "1000",
						"dateEntry": "2023-01-29T03:00:00.000Z",
						"actions": [
							"https://raw.githubusercontent.com/daniloagostinho/curso-angular15-na-pratica/main/src/assets/images/edit.png",
							"https://raw.githubusercontent.com/danil
...
Response: 304 49.863 ms 

Request: GET /list/revenues at Mon Jan 30 2023 13:07:12 GMT-0300, IP: ::1, User Agent: Mozilla/5.0 (Windows NT 10.0; Win64; x64) AppleWebKit/537.36 (KHTML, like Gecko) Chrome/109.0.0.0 Safari/537.36
Response Body:
{
	"result": [
		{
			"user": {
				"title": "oscar@email.com",
				"month": {
					"title": "Janeiro",
					"listMonth": {
						"_id": "63c6d9cffa11b98bfb842545",
						"typeRevenue": "Investimento",
						"value": "1000",
						"dateEntry": "2023-01-17T03:00:00.000Z",
						"actions": [
							"https://raw.githubusercontent.com/daniloagostinho/curso-angular15-na-pratica/main/src/assets/images/edit.png",
							"https://raw.githubusercontent.com/daniloagostinho/curso-angular15-na-pratica/main/src/assets/images/delete.png"
						]
					}
				}
			}
		},
		{
			"user": {
				"title": "manoeloscar@email.com",
				"month": {
					"title": "Janeiro",
					"listMonth": {
						"_id": "63d6b619db9eeeb1b438289f",
						"typeRevenue": "PLR",
						"value": "1000",
						"dateEntry": "2023-01-29T03:00:00.000Z",
						"actions": [
							"https://raw.githubusercontent.com/daniloagostinho/curso-angular15-na-pratica/main/src/assets/images/edit.png",
							"https://raw.githubusercontent.com/danil
...
Response: 304 51.056 ms 

Request: GET /list/revenues at Mon Jan 30 2023 13:09:51 GMT-0300, IP: ::1, User Agent: Mozilla/5.0 (Windows NT 10.0; Win64; x64) AppleWebKit/537.36 (KHTML, like Gecko) Chrome/109.0.0.0 Safari/537.36
Response Body:
{
	"result": [
		{
			"user": {
				"title": "oscar@email.com",
				"month": {
					"title": "Janeiro",
					"listMonth": {
						"_id": "63c6d9cffa11b98bfb842545",
						"typeRevenue": "Investimento",
						"value": "1000",
						"dateEntry": "2023-01-17T03:00:00.000Z",
						"actions": [
							"https://raw.githubusercontent.com/daniloagostinho/curso-angular15-na-pratica/main/src/assets/images/edit.png",
							"https://raw.githubusercontent.com/daniloagostinho/curso-angular15-na-pratica/main/src/assets/images/delete.png"
						]
					}
				}
			}
		},
		{
			"user": {
				"title": "manoeloscar@email.com",
				"month": {
					"title": "Janeiro",
					"listMonth": {
						"_id": "63d6b619db9eeeb1b438289f",
						"typeRevenue": "PLR",
						"value": "1000",
						"dateEntry": "2023-01-29T03:00:00.000Z",
						"actions": [
							"https://raw.githubusercontent.com/daniloagostinho/curso-angular15-na-pratica/main/src/assets/images/edit.png",
							"https://raw.githubusercontent.com/danil
...
Response: 304 50.018 ms 

Request: GET /list/revenues at Mon Jan 30 2023 13:09:58 GMT-0300, IP: ::1, User Agent: Mozilla/5.0 (Windows NT 10.0; Win64; x64) AppleWebKit/537.36 (KHTML, like Gecko) Chrome/109.0.0.0 Safari/537.36
Response Body:
{
	"result": [
		{
			"user": {
				"title": "oscar@email.com",
				"month": {
					"title": "Janeiro",
					"listMonth": {
						"_id": "63c6d9cffa11b98bfb842545",
						"typeRevenue": "Investimento",
						"value": "1000",
						"dateEntry": "2023-01-17T03:00:00.000Z",
						"actions": [
							"https://raw.githubusercontent.com/daniloagostinho/curso-angular15-na-pratica/main/src/assets/images/edit.png",
							"https://raw.githubusercontent.com/daniloagostinho/curso-angular15-na-pratica/main/src/assets/images/delete.png"
						]
					}
				}
			}
		},
		{
			"user": {
				"title": "manoeloscar@email.com",
				"month": {
					"title": "Janeiro",
					"listMonth": {
						"_id": "63d6b619db9eeeb1b438289f",
						"typeRevenue": "PLR",
						"value": "1000",
						"dateEntry": "2023-01-29T03:00:00.000Z",
						"actions": [
							"https://raw.githubusercontent.com/daniloagostinho/curso-angular15-na-pratica/main/src/assets/images/edit.png",
							"https://raw.githubusercontent.com/danil
...
Response: 304 49.231 ms 

Request: POST /auth/login at Mon Jan 30 2023 18:21:48 GMT-0300, IP: ::1, User Agent: Mozilla/5.0 (Windows NT 10.0; Win64; x64) AppleWebKit/537.36 (KHTML, like Gecko) Chrome/109.0.0.0 Safari/537.36
Request Body:
{
	"email": "manoeloscar@email.com",
	"password": "1234"
}
Response Body:
{
	"message": "Autenticação realizada com sucesso!",
	"token": "eyJhbGciOiJIUzI1NiIsInR5cCI6IkpXVCJ9.eyJpZCI6IjYzY2VjMjkwODBmZjNhYWVhOThlODVhYSIsImlhdCI6MTY3NTExMzcwOH0.4YKTH1Bgv2IQYW-pdFC9inEOC4-WFA-XFJwQoLj389s"
}
Response: 200 360.301 ms 

Request: GET /list/revenues at Mon Jan 30 2023 18:21:49 GMT-0300, IP: ::1, User Agent: Mozilla/5.0 (Windows NT 10.0; Win64; x64) AppleWebKit/537.36 (KHTML, like Gecko) Chrome/109.0.0.0 Safari/537.36
Response Body:
{
	"result": [
		{
			"user": {
				"title": "oscar@email.com",
				"month": {
					"title": "Janeiro",
					"listMonth": {
						"_id": "63c6d9cffa11b98bfb842545",
						"typeRevenue": "Investimento",
						"value": "1000",
						"dateEntry": "2023-01-17T03:00:00.000Z",
						"actions": [
							"https://raw.githubusercontent.com/daniloagostinho/curso-angular15-na-pratica/main/src/assets/images/edit.png",
							"https://raw.githubusercontent.com/daniloagostinho/curso-angular15-na-pratica/main/src/assets/images/delete.png"
						]
					}
				}
			}
		},
		{
			"user": {
				"title": "manoeloscar@email.com",
				"month": {
					"title": "Janeiro",
					"listMonth": {
						"_id": "63d6b619db9eeeb1b438289f",
						"typeRevenue": "PLR",
						"value": "1000",
						"dateEntry": "2023-01-29T03:00:00.000Z",
						"actions": [
							"https://raw.githubusercontent.com/daniloagostinho/curso-angular15-na-pratica/main/src/assets/images/edit.png",
							"https://raw.githubusercontent.com/danil
...
Response: 200 54.523 ms 

Request: POST /auth/revenues at Mon Jan 30 2023 18:22:11 GMT-0300, IP: ::1, User Agent: Mozilla/5.0 (Windows NT 10.0; Win64; x64) AppleWebKit/537.36 (KHTML, like Gecko) Chrome/109.0.0.0 Safari/537.36
Request Body:
{
	"user": {
		"title": "manoeloscar@email.com",
		"month": {
			"title": "Janeiro",
			"listMonth": {
				"typeRevenue": "Férias",
				"value": 1000,
				"dateEntry": "2023-01-30T03:00:00.000Z"
			}
		}
	}
}
Response Body:
{
	"message": "cadastro realizado com sucesso!"
}
Response: 201 63.925 ms 

Request: GET /list/revenues at Mon Jan 30 2023 18:22:12 GMT-0300, IP: ::1, User Agent: Mozilla/5.0 (Windows NT 10.0; Win64; x64) AppleWebKit/537.36 (KHTML, like Gecko) Chrome/109.0.0.0 Safari/537.36
Response Body:
{
	"result": [
		{
			"user": {
				"title": "oscar@email.com",
				"month": {
					"title": "Janeiro",
					"listMonth": {
						"_id": "63c6d9cffa11b98bfb842545",
						"typeRevenue": "Investimento",
						"value": "1000",
						"dateEntry": "2023-01-17T03:00:00.000Z",
						"actions": [
							"https://raw.githubusercontent.com/daniloagostinho/curso-angular15-na-pratica/main/src/assets/images/edit.png",
							"https://raw.githubusercontent.com/daniloagostinho/curso-angular15-na-pratica/main/src/assets/images/delete.png"
						]
					}
				}
			}
		},
		{
			"user": {
				"title": "manoeloscar@email.com",
				"month": {
					"title": "Janeiro",
					"listMonth": {
						"_id": "63d6b619db9eeeb1b438289f",
						"typeRevenue": "PLR",
						"value": "1000",
						"dateEntry": "2023-01-29T03:00:00.000Z",
						"actions": [
							"https://raw.githubusercontent.com/daniloagostinho/curso-angular15-na-pratica/main/src/assets/images/edit.png",
							"https://raw.githubusercontent.com/danil
...
Response: 200 50.764 ms 

Request: GET /list/revenues at Mon Jan 30 2023 18:28:13 GMT-0300, IP: ::1, User Agent: Mozilla/5.0 (Windows NT 10.0; Win64; x64) AppleWebKit/537.36 (KHTML, like Gecko) Chrome/109.0.0.0 Safari/537.36
Response Body:
{
	"result": [
		{
			"user": {
				"title": "oscar@email.com",
				"month": {
					"title": "Janeiro",
					"listMonth": {
						"_id": "63c6d9cffa11b98bfb842545",
						"typeRevenue": "Investimento",
						"value": "1000",
						"dateEntry": "2023-01-17T03:00:00.000Z",
						"actions": [
							"https://raw.githubusercontent.com/daniloagostinho/curso-angular15-na-pratica/main/src/assets/images/edit.png",
							"https://raw.githubusercontent.com/daniloagostinho/curso-angular15-na-pratica/main/src/assets/images/delete.png"
						]
					}
				}
			}
		},
		{
			"user": {
				"title": "manoeloscar@email.com",
				"month": {
					"title": "Janeiro",
					"listMonth": {
						"_id": "63d6b619db9eeeb1b438289f",
						"typeRevenue": "PLR",
						"value": "1000",
						"dateEntry": "2023-01-29T03:00:00.000Z",
						"actions": [
							"https://raw.githubusercontent.com/daniloagostinho/curso-angular15-na-pratica/main/src/assets/images/edit.png",
							"https://raw.githubusercontent.com/danil
...
Response: 304 54.320 ms 

Request: GET /list/revenues at Mon Jan 30 2023 18:28:31 GMT-0300, IP: ::1, User Agent: Mozilla/5.0 (Windows NT 10.0; Win64; x64) AppleWebKit/537.36 (KHTML, like Gecko) Chrome/109.0.0.0 Safari/537.36
Response Body:
{
	"result": [
		{
			"user": {
				"title": "oscar@email.com",
				"month": {
					"title": "Janeiro",
					"listMonth": {
						"_id": "63c6d9cffa11b98bfb842545",
						"typeRevenue": "Investimento",
						"value": "1000",
						"dateEntry": "2023-01-17T03:00:00.000Z",
						"actions": [
							"https://raw.githubusercontent.com/daniloagostinho/curso-angular15-na-pratica/main/src/assets/images/edit.png",
							"https://raw.githubusercontent.com/daniloagostinho/curso-angular15-na-pratica/main/src/assets/images/delete.png"
						]
					}
				}
			}
		},
		{
			"user": {
				"title": "manoeloscar@email.com",
				"month": {
					"title": "Janeiro",
					"listMonth": {
						"_id": "63d6b619db9eeeb1b438289f",
						"typeRevenue": "PLR",
						"value": "1000",
						"dateEntry": "2023-01-29T03:00:00.000Z",
						"actions": [
							"https://raw.githubusercontent.com/daniloagostinho/curso-angular15-na-pratica/main/src/assets/images/edit.png",
							"https://raw.githubusercontent.com/danil
...
Response: 304 52.516 ms 

Request: GET /list/revenues at Mon Jan 30 2023 18:32:39 GMT-0300, IP: ::1, User Agent: Mozilla/5.0 (Windows NT 10.0; Win64; x64) AppleWebKit/537.36 (KHTML, like Gecko) Chrome/109.0.0.0 Safari/537.36
Response Body:
{
	"result": [
		{
			"user": {
				"title": "oscar@email.com",
				"month": {
					"title": "Janeiro",
					"listMonth": {
						"_id": "63c6d9cffa11b98bfb842545",
						"typeRevenue": "Investimento",
						"value": "1000",
						"dateEntry": "2023-01-17T03:00:00.000Z",
						"actions": [
							"https://raw.githubusercontent.com/daniloagostinho/curso-angular15-na-pratica/main/src/assets/images/edit.png",
							"https://raw.githubusercontent.com/daniloagostinho/curso-angular15-na-pratica/main/src/assets/images/delete.png"
						]
					}
				}
			}
		},
		{
			"user": {
				"title": "manoeloscar@email.com",
				"month": {
					"title": "Janeiro",
					"listMonth": {
						"_id": "63d6b619db9eeeb1b438289f",
						"typeRevenue": "PLR",
						"value": "1000",
						"dateEntry": "2023-01-29T03:00:00.000Z",
						"actions": [
							"https://raw.githubusercontent.com/daniloagostinho/curso-angular15-na-pratica/main/src/assets/images/edit.png",
							"https://raw.githubusercontent.com/danil
...
Response: 304 53.436 ms 

Request: GET /list/revenues at Mon Jan 30 2023 18:35:47 GMT-0300, IP: ::1, User Agent: Mozilla/5.0 (Windows NT 10.0; Win64; x64) AppleWebKit/537.36 (KHTML, like Gecko) Chrome/109.0.0.0 Safari/537.36
Response Body:
{
	"result": [
		{
			"user": {
				"title": "oscar@email.com",
				"month": {
					"title": "Janeiro",
					"listMonth": {
						"_id": "63c6d9cffa11b98bfb842545",
						"typeRevenue": "Investimento",
						"value": "1000",
						"dateEntry": "2023-01-17T03:00:00.000Z",
						"actions": [
							"https://raw.githubusercontent.com/daniloagostinho/curso-angular15-na-pratica/main/src/assets/images/edit.png",
							"https://raw.githubusercontent.com/daniloagostinho/curso-angular15-na-pratica/main/src/assets/images/delete.png"
						]
					}
				}
			}
		},
		{
			"user": {
				"title": "manoeloscar@email.com",
				"month": {
					"title": "Janeiro",
					"listMonth": {
						"_id": "63d6b619db9eeeb1b438289f",
						"typeRevenue": "PLR",
						"value": "1000",
						"dateEntry": "2023-01-29T03:00:00.000Z",
						"actions": [
							"https://raw.githubusercontent.com/daniloagostinho/curso-angular15-na-pratica/main/src/assets/images/edit.png",
							"https://raw.githubusercontent.com/danil
...
Response: 304 52.018 ms 

Request: DELETE /delete/revenue/63d83503db9eeeb1b43828bb at Mon Jan 30 2023 18:41:29 GMT-0300, IP: ::1, User Agent: Mozilla/5.0 (Windows NT 10.0; Win64; x64) AppleWebKit/537.36 (KHTML, like Gecko) Chrome/109.0.0.0 Safari/537.36
Response Body:
{
	"message": "Receita excluída com sucesso!"
}
Response: 200 60.800 ms 

Request: GET /list/revenues at Mon Jan 30 2023 18:41:29 GMT-0300, IP: ::1, User Agent: Mozilla/5.0 (Windows NT 10.0; Win64; x64) AppleWebKit/537.36 (KHTML, like Gecko) Chrome/109.0.0.0 Safari/537.36
Response Body:
{
	"result": [
		{
			"user": {
				"title": "oscar@email.com",
				"month": {
					"title": "Janeiro",
					"listMonth": {
						"_id": "63c6d9cffa11b98bfb842545",
						"typeRevenue": "Investimento",
						"value": "1000",
						"dateEntry": "2023-01-17T03:00:00.000Z",
						"actions": [
							"https://raw.githubusercontent.com/daniloagostinho/curso-angular15-na-pratica/main/src/assets/images/edit.png",
							"https://raw.githubusercontent.com/daniloagostinho/curso-angular15-na-pratica/main/src/assets/images/delete.png"
						]
					}
				}
			}
		},
		{
			"user": {
				"title": "manoeloscar@email.com",
				"month": {
					"title": "Janeiro",
					"listMonth": {
						"_id": "63d6b619db9eeeb1b438289f",
						"typeRevenue": "PLR",
						"value": "1000",
						"dateEntry": "2023-01-29T03:00:00.000Z",
						"actions": [
							"https://raw.githubusercontent.com/daniloagostinho/curso-angular15-na-pratica/main/src/assets/images/edit.png",
							"https://raw.githubusercontent.com/danil
...
Response: 200 50.267 ms 

Request: GET /list/revenues at Mon Jan 30 2023 18:44:03 GMT-0300, IP: ::1, User Agent: Mozilla/5.0 (Windows NT 10.0; Win64; x64) AppleWebKit/537.36 (KHTML, like Gecko) Chrome/109.0.0.0 Safari/537.36
Response Body:
{
	"result": [
		{
			"user": {
				"title": "oscar@email.com",
				"month": {
					"title": "Janeiro",
					"listMonth": {
						"_id": "63c6d9cffa11b98bfb842545",
						"typeRevenue": "Investimento",
						"value": "1000",
						"dateEntry": "2023-01-17T03:00:00.000Z",
						"actions": [
							"https://raw.githubusercontent.com/daniloagostinho/curso-angular15-na-pratica/main/src/assets/images/edit.png",
							"https://raw.githubusercontent.com/daniloagostinho/curso-angular15-na-pratica/main/src/assets/images/delete.png"
						]
					}
				}
			}
		},
		{
			"user": {
				"title": "manoeloscar@email.com",
				"month": {
					"title": "Janeiro",
					"listMonth": {
						"_id": "63d6b619db9eeeb1b438289f",
						"typeRevenue": "PLR",
						"value": "1000",
						"dateEntry": "2023-01-29T03:00:00.000Z",
						"actions": [
							"https://raw.githubusercontent.com/daniloagostinho/curso-angular15-na-pratica/main/src/assets/images/edit.png",
							"https://raw.githubusercontent.com/danil
...
Response: 304 50.970 ms 

Request: GET /list/revenues at Mon Jan 30 2023 18:46:42 GMT-0300, IP: ::1, User Agent: Mozilla/5.0 (Windows NT 10.0; Win64; x64) AppleWebKit/537.36 (KHTML, like Gecko) Chrome/109.0.0.0 Safari/537.36
Response Body:
{
	"result": [
		{
			"user": {
				"title": "oscar@email.com",
				"month": {
					"title": "Janeiro",
					"listMonth": {
						"_id": "63c6d9cffa11b98bfb842545",
						"typeRevenue": "Investimento",
						"value": "1000",
						"dateEntry": "2023-01-17T03:00:00.000Z",
						"actions": [
							"https://raw.githubusercontent.com/daniloagostinho/curso-angular15-na-pratica/main/src/assets/images/edit.png",
							"https://raw.githubusercontent.com/daniloagostinho/curso-angular15-na-pratica/main/src/assets/images/delete.png"
						]
					}
				}
			}
		},
		{
			"user": {
				"title": "manoeloscar@email.com",
				"month": {
					"title": "Janeiro",
					"listMonth": {
						"_id": "63d6b619db9eeeb1b438289f",
						"typeRevenue": "PLR",
						"value": "1000",
						"dateEntry": "2023-01-29T03:00:00.000Z",
						"actions": [
							"https://raw.githubusercontent.com/daniloagostinho/curso-angular15-na-pratica/main/src/assets/images/edit.png",
							"https://raw.githubusercontent.com/danil
...
Response: 304 54.427 ms 

Request: GET /list/revenues at Mon Jan 30 2023 18:46:51 GMT-0300, IP: ::1, User Agent: Mozilla/5.0 (Windows NT 10.0; Win64; x64) AppleWebKit/537.36 (KHTML, like Gecko) Chrome/109.0.0.0 Safari/537.36
Response Body:
{
	"result": [
		{
			"user": {
				"title": "oscar@email.com",
				"month": {
					"title": "Janeiro",
					"listMonth": {
						"_id": "63c6d9cffa11b98bfb842545",
						"typeRevenue": "Investimento",
						"value": "1000",
						"dateEntry": "2023-01-17T03:00:00.000Z",
						"actions": [
							"https://raw.githubusercontent.com/daniloagostinho/curso-angular15-na-pratica/main/src/assets/images/edit.png",
							"https://raw.githubusercontent.com/daniloagostinho/curso-angular15-na-pratica/main/src/assets/images/delete.png"
						]
					}
				}
			}
		},
		{
			"user": {
				"title": "manoeloscar@email.com",
				"month": {
					"title": "Janeiro",
					"listMonth": {
						"_id": "63d6b619db9eeeb1b438289f",
						"typeRevenue": "PLR",
						"value": "1000",
						"dateEntry": "2023-01-29T03:00:00.000Z",
						"actions": [
							"https://raw.githubusercontent.com/daniloagostinho/curso-angular15-na-pratica/main/src/assets/images/edit.png",
							"https://raw.githubusercontent.com/danil
...
Response: 304 51.324 ms 

Request: GET /list/revenues at Mon Jan 30 2023 18:47:30 GMT-0300, IP: ::1, User Agent: Mozilla/5.0 (Windows NT 10.0; Win64; x64) AppleWebKit/537.36 (KHTML, like Gecko) Chrome/109.0.0.0 Safari/537.36
Response Body:
{
	"result": [
		{
			"user": {
				"title": "oscar@email.com",
				"month": {
					"title": "Janeiro",
					"listMonth": {
						"_id": "63c6d9cffa11b98bfb842545",
						"typeRevenue": "Investimento",
						"value": "1000",
						"dateEntry": "2023-01-17T03:00:00.000Z",
						"actions": [
							"https://raw.githubusercontent.com/daniloagostinho/curso-angular15-na-pratica/main/src/assets/images/edit.png",
							"https://raw.githubusercontent.com/daniloagostinho/curso-angular15-na-pratica/main/src/assets/images/delete.png"
						]
					}
				}
			}
		},
		{
			"user": {
				"title": "manoeloscar@email.com",
				"month": {
					"title": "Janeiro",
					"listMonth": {
						"_id": "63d6b619db9eeeb1b438289f",
						"typeRevenue": "PLR",
						"value": "1000",
						"dateEntry": "2023-01-29T03:00:00.000Z",
						"actions": [
							"https://raw.githubusercontent.com/daniloagostinho/curso-angular15-na-pratica/main/src/assets/images/edit.png",
							"https://raw.githubusercontent.com/danil
...
Response: 304 55.002 ms 

Request: GET /list/revenues at Mon Jan 30 2023 18:53:39 GMT-0300, IP: ::1, User Agent: Mozilla/5.0 (Windows NT 10.0; Win64; x64) AppleWebKit/537.36 (KHTML, like Gecko) Chrome/109.0.0.0 Safari/537.36
Response Body:
{
	"result": [
		{
			"user": {
				"title": "oscar@email.com",
				"month": {
					"title": "Janeiro",
					"listMonth": {
						"_id": "63c6d9cffa11b98bfb842545",
						"typeRevenue": "Investimento",
						"value": "1000",
						"dateEntry": "2023-01-17T03:00:00.000Z",
						"actions": [
							"https://raw.githubusercontent.com/daniloagostinho/curso-angular15-na-pratica/main/src/assets/images/edit.png",
							"https://raw.githubusercontent.com/daniloagostinho/curso-angular15-na-pratica/main/src/assets/images/delete.png"
						]
					}
				}
			}
		},
		{
			"user": {
				"title": "manoeloscar@email.com",
				"month": {
					"title": "Janeiro",
					"listMonth": {
						"_id": "63d6b619db9eeeb1b438289f",
						"typeRevenue": "PLR",
						"value": "1000",
						"dateEntry": "2023-01-29T03:00:00.000Z",
						"actions": [
							"https://raw.githubusercontent.com/daniloagostinho/curso-angular15-na-pratica/main/src/assets/images/edit.png",
							"https://raw.githubusercontent.com/danil
...
Response: 200 50.130 ms 

Request: GET /list/revenues at Mon Jan 30 2023 19:05:49 GMT-0300, IP: ::1, User Agent: Mozilla/5.0 (Windows NT 10.0; Win64; x64) AppleWebKit/537.36 (KHTML, like Gecko) Chrome/109.0.0.0 Safari/537.36
Response Body:
{
	"result": [
		{
			"user": {
				"title": "oscar@email.com",
				"month": {
					"title": "Janeiro",
					"listMonth": {
						"_id": "63c6d9cffa11b98bfb842545",
						"typeRevenue": "Investimento",
						"value": "1000",
						"dateEntry": "2023-01-17T03:00:00.000Z",
						"actions": [
							"https://raw.githubusercontent.com/daniloagostinho/curso-angular15-na-pratica/main/src/assets/images/edit.png",
							"https://raw.githubusercontent.com/daniloagostinho/curso-angular15-na-pratica/main/src/assets/images/delete.png"
						]
					}
				}
			}
		},
		{
			"user": {
				"title": "manoeloscar@email.com",
				"month": {
					"title": "Janeiro",
					"listMonth": {
						"_id": "63d6b619db9eeeb1b438289f",
						"typeRevenue": "PLR",
						"value": "1000",
						"dateEntry": "2023-01-29T03:00:00.000Z",
						"actions": [
							"https://raw.githubusercontent.com/daniloagostinho/curso-angular15-na-pratica/main/src/assets/images/edit.png",
							"https://raw.githubusercontent.com/danil
...
Response: 200 51.230 ms 

Request: GET /list/revenues at Mon Jan 30 2023 19:11:55 GMT-0300, IP: ::1, User Agent: Mozilla/5.0 (Windows NT 10.0; Win64; x64) AppleWebKit/537.36 (KHTML, like Gecko) Chrome/109.0.0.0 Safari/537.36
Response Body:
{
	"result": [
		{
			"user": {
				"title": "oscar@email.com",
				"month": {
					"title": "Janeiro",
					"listMonth": {
						"_id": "63c6d9cffa11b98bfb842545",
						"typeRevenue": "Investimento",
						"value": "1000",
						"dateEntry": "2023-01-17T03:00:00.000Z",
						"actions": [
							"https://raw.githubusercontent.com/daniloagostinho/curso-angular15-na-pratica/main/src/assets/images/edit.png",
							"https://raw.githubusercontent.com/daniloagostinho/curso-angular15-na-pratica/main/src/assets/images/delete.png"
						]
					}
				}
			}
		},
		{
			"user": {
				"title": "manoeloscar@email.com",
				"month": {
					"title": "Janeiro",
					"listMonth": {
						"_id": "63d6b619db9eeeb1b438289f",
						"typeRevenue": "PLR",
						"value": "1000",
						"dateEntry": "2023-01-29T03:00:00.000Z",
						"actions": [
							"https://raw.githubusercontent.com/daniloagostinho/curso-angular15-na-pratica/main/src/assets/images/edit.png",
							"https://raw.githubusercontent.com/danil
...
Response: 304 55.417 ms 

Request: GET /list/revenues at Mon Jan 30 2023 19:18:58 GMT-0300, IP: ::1, User Agent: Mozilla/5.0 (Windows NT 10.0; Win64; x64) AppleWebKit/537.36 (KHTML, like Gecko) Chrome/109.0.0.0 Safari/537.36
Response Body:
{
	"result": [
		{
			"user": {
				"title": "oscar@email.com",
				"month": {
					"title": "Janeiro",
					"listMonth": {
						"_id": "63c6d9cffa11b98bfb842545",
						"typeRevenue": "Investimento",
						"value": "1000",
						"dateEntry": "2023-01-17T03:00:00.000Z",
						"actions": [
							"https://raw.githubusercontent.com/daniloagostinho/curso-angular15-na-pratica/main/src/assets/images/edit.png",
							"https://raw.githubusercontent.com/daniloagostinho/curso-angular15-na-pratica/main/src/assets/images/delete.png"
						]
					}
				}
			}
		},
		{
			"user": {
				"title": "manoeloscar@email.com",
				"month": {
					"title": "Janeiro",
					"listMonth": {
						"_id": "63d6b619db9eeeb1b438289f",
						"typeRevenue": "PLR",
						"value": "1000",
						"dateEntry": "2023-01-29T03:00:00.000Z",
						"actions": [
							"https://raw.githubusercontent.com/daniloagostinho/curso-angular15-na-pratica/main/src/assets/images/edit.png",
							"https://raw.githubusercontent.com/danil
...
Response: 200 55.746 ms 

Request: GET /list/revenues at Mon Jan 30 2023 19:20:07 GMT-0300, IP: ::1, User Agent: Mozilla/5.0 (Windows NT 10.0; Win64; x64) AppleWebKit/537.36 (KHTML, like Gecko) Chrome/109.0.0.0 Safari/537.36
Response Body:
{
	"result": [
		{
			"user": {
				"title": "oscar@email.com",
				"month": {
					"title": "Janeiro",
					"listMonth": {
						"_id": "63c6d9cffa11b98bfb842545",
						"typeRevenue": "Investimento",
						"value": "1000",
						"dateEntry": "2023-01-17T03:00:00.000Z",
						"actions": [
							"https://raw.githubusercontent.com/daniloagostinho/curso-angular15-na-pratica/main/src/assets/images/edit.png",
							"https://raw.githubusercontent.com/daniloagostinho/curso-angular15-na-pratica/main/src/assets/images/delete.png"
						]
					}
				}
			}
		},
		{
			"user": {
				"title": "manoeloscar@email.com",
				"month": {
					"title": "Janeiro",
					"listMonth": {
						"_id": "63d6b619db9eeeb1b438289f",
						"typeRevenue": "PLR",
						"value": "1000",
						"dateEntry": "2023-01-29T03:00:00.000Z",
						"actions": [
							"https://raw.githubusercontent.com/daniloagostinho/curso-angular15-na-pratica/main/src/assets/images/edit.png",
							"https://raw.githubusercontent.com/danil
...
Response: 304 92.757 ms 

Request: GET /list/revenues at Mon Jan 30 2023 19:22:38 GMT-0300, IP: ::1, User Agent: Mozilla/5.0 (Windows NT 10.0; Win64; x64) AppleWebKit/537.36 (KHTML, like Gecko) Chrome/109.0.0.0 Safari/537.36
Response Body:
{
	"result": [
		{
			"user": {
				"title": "oscar@email.com",
				"month": {
					"title": "Janeiro",
					"listMonth": {
						"_id": "63c6d9cffa11b98bfb842545",
						"typeRevenue": "Investimento",
						"value": "1000",
						"dateEntry": "2023-01-17T03:00:00.000Z",
						"actions": [
							"https://raw.githubusercontent.com/daniloagostinho/curso-angular15-na-pratica/main/src/assets/images/edit.png",
							"https://raw.githubusercontent.com/daniloagostinho/curso-angular15-na-pratica/main/src/assets/images/delete.png"
						]
					}
				}
			}
		},
		{
			"user": {
				"title": "manoeloscar@email.com",
				"month": {
					"title": "Janeiro",
					"listMonth": {
						"_id": "63d6b619db9eeeb1b438289f",
						"typeRevenue": "PLR",
						"value": "1000",
						"dateEntry": "2023-01-29T03:00:00.000Z",
						"actions": [
							"https://raw.githubusercontent.com/daniloagostinho/curso-angular15-na-pratica/main/src/assets/images/edit.png",
							"https://raw.githubusercontent.com/danil
...
Response: 304 53.356 ms 

Request: GET /list/revenues at Mon Jan 30 2023 19:23:30 GMT-0300, IP: ::1, User Agent: Mozilla/5.0 (Windows NT 10.0; Win64; x64) AppleWebKit/537.36 (KHTML, like Gecko) Chrome/109.0.0.0 Safari/537.36
Response Body:
{
	"result": [
		{
			"user": {
				"title": "oscar@email.com",
				"month": {
					"title": "Janeiro",
					"listMonth": {
						"_id": "63c6d9cffa11b98bfb842545",
						"typeRevenue": "Investimento",
						"value": "1000",
						"dateEntry": "2023-01-17T03:00:00.000Z",
						"actions": [
							"https://raw.githubusercontent.com/daniloagostinho/curso-angular15-na-pratica/main/src/assets/images/edit.png",
							"https://raw.githubusercontent.com/daniloagostinho/curso-angular15-na-pratica/main/src/assets/images/delete.png"
						]
					}
				}
			}
		},
		{
			"user": {
				"title": "manoeloscar@email.com",
				"month": {
					"title": "Janeiro",
					"listMonth": {
						"_id": "63d6b619db9eeeb1b438289f",
						"typeRevenue": "PLR",
						"value": "1000",
						"dateEntry": "2023-01-29T03:00:00.000Z",
						"actions": [
							"https://raw.githubusercontent.com/daniloagostinho/curso-angular15-na-pratica/main/src/assets/images/edit.png",
							"https://raw.githubusercontent.com/danil
...
Response: 304 54.523 ms 

Request: PUT /update/revenues/63c6d9cffa11b98bfb842545 at Mon Jan 30 2023 19:24:11 GMT-0300, IP: ::1, User Agent: Mozilla/5.0 (Windows NT 10.0; Win64; x64) AppleWebKit/537.36 (KHTML, like Gecko) Chrome/109.0.0.0 Safari/537.36
Request Body:
{
	"user": {
		"title": "manoeloscar@email.com",
		"month": {
			"listMonth": {
				"typeRevenue": "Aposentadoria",
				"value": 1500,
				"dateEntry": "2023-01-30"
			}
		}
	}
}
Response Body:
{
	"user": {
		"user": {
			"month": {
				"listMonth": {
					"typeRevenue": "Aposentadoria",
					"value": "1500",
					"dateEntry": "2023-01-30"
				}
			},
			"title": "manoeloscar@email.com"
		},
		"_id": "63c6d9cffa11b98bfb842545",
		"__v": 0
	}
}
Response: 200 75.788 ms 
